<?xml version="1.0" encoding="UTF-8"?>
<!-- Generated by org.testng.reporters.JUnitReportReporter -->
<testsuite skipped="0" hostname="DESKTOP-LIJFJFH" name="com.OrangeHRM_Log4j.OrangeHrm_log4j" tests="1" failures="0" timestamp="13 Feb 2020 05:56:38 GMT" time="9.731" errors="0">
  <testcase name="logIn" time="9.731" classname="com.OrangeHRM_Log4j.OrangeHrm_log4j"/>
</testsuite> <!-- com.OrangeHRM_Log4j.OrangeHrm_log4j -->
