<?xml version="1.0" encoding="UTF-8"?>
<!-- Generated by org.testng.reporters.JUnitReportReporter -->
<testsuite skipped="0" hostname="DESKTOP-LIJFJFH" name="com.Screenshots.NewTours_Screenshots" tests="1" failures="0" timestamp="08 Jan 2020 08:02:15 GMT" time="128.491" errors="0">
  <testcase name="regis" time="128.491" classname="com.Screenshots.NewTours_Screenshots"/>
</testsuite> <!-- com.Screenshots.NewTours_Screenshots -->
