<?xml version="1.0" encoding="UTF-8"?>
<!-- Generated by org.testng.reporters.JUnitReportReporter -->
<testsuite skipped="0" hostname="DESKTOP-LIJFJFH" name="com.Newtourslog4j.Newtourslog4j" tests="1" failures="0" timestamp="13 Feb 2020 08:26:51 GMT" time="159.553" errors="0">
  <testcase name="signon" time="159.553" classname="com.Newtourslog4j.Newtourslog4j"/>
</testsuite> <!-- com.Newtourslog4j.Newtourslog4j -->
