<?xml version="1.0" encoding="UTF-8"?>
<!-- Generated by org.testng.reporters.JUnitReportReporter -->
<testsuite skipped="0" hostname="DESKTOP-LIJFJFH" name="newtoursApp.NewTours_Login" tests="2" failures="0" timestamp="27 Jan 2020 09:11:57 GMT" time="9.907" errors="0">
  <testcase name="Registration" time="2.608" classname="newtoursApp.NewTours_Login"/>
  <testcase name="register_LoginPage" time="7.299" classname="newtoursApp.NewTours_Login"/>
</testsuite> <!-- newtoursApp.NewTours_Login -->
