<?xml version="1.0" encoding="UTF-8"?>
<!-- Generated by org.testng.reporters.JUnitReportReporter -->
<testsuite skipped="0" hostname="DESKTOP-LIJFJFH" name="com.testing.Testing" tests="1" failures="0" timestamp="08 Jan 2020 08:11:56 GMT" time="0.007" errors="0">
  <testcase name="gmailLaunch" time="0.007" classname="com.testing.Testing"/>
</testsuite> <!-- com.testing.Testing -->
