<?xml version="1.0" encoding="UTF-8"?>
<!-- Generated by org.testng.reporters.JUnitReportReporter -->
<testsuite skipped="0" hostname="DESKTOP-LIJFJFH" name="com.Newtours_testCases.NewToursTestCases" tests="3" failures="0" timestamp="11 Feb 2020 05:51:46 GMT" time="30.677" errors="0">
  <testcase name="signon" time="9.895" classname="com.Newtours_testCases.NewToursTestCases"/>
  <testcase name="register" time="10.754" classname="com.Newtours_testCases.NewToursTestCases"/>
  <testcase name="findAFlightTest" time="10.028" classname="com.Newtours_testCases.NewToursTestCases"/>
</testsuite> <!-- com.Newtours_testCases.NewToursTestCases -->
